192.168.1.1:8081 (Room 1 - Camera 1)
rooms/1/cameras/1/192.168.1.1/8081
24.0*C (Room 1 - Temperature sensor 1)
rooms/1/temperature_sensors/1/24.0
25.0% (Room 1 - Humidity sensor 1)
rooms/1/humidity_sensors/1/25.0
26.0% (Room 1 - Humidity sensor 1)
rooms/1/humidity_sensors/1/26.0
23.0*C (Room 1 - Temperature sensor 1)
rooms/1/temperature_sensors/1/23.0
24.0% (Room 1 - Humidity sensor 1)
rooms/1/humidity_sensors/1/24.0
21.0% (Room 1 - Humidity sensor 1)
rooms/1/humidity_sensors/1/21.0
23.0% (Room 1 - Humidity sensor 1)
rooms/1/humidity_sensors/1/23.0
21.0% (Room 1 - Humidity sensor 1)
rooms/1/humidity_sensors/1/21.0
25.0% (Room 1 - Humidity sensor 1)
rooms/1/humidity_sensors/1/25.0
24.0*C (Room 1 - Temperature sensor 1)
rooms/1/temperature_sensors/1/24.0
22.0% (Room 1 - Humidity sensor 1)
rooms/1/humidity_sensors/1/22.0
23.0*C (Room 1 - Temperature sensor 1)
rooms/1/temperature_sensors/1/23.0
26.0% (Room 1 - Humidity sensor 1)
rooms/1/humidity_sensors/1/26.0
21.0% (Room 1 - Humidity sensor 1)
rooms/1/humidity_sensors/1/21.0
25.0% (Room 1 - Humidity sensor 1)
rooms/1/humidity_sensors/1/25.0
21.0% (Room 1 - Humidity sensor 1)
rooms/1/humidity_sensors/1/21.0
24.0% (Room 1 - Humidity sensor 1)
rooms/1/humidity_sensors/1/24.0
21.0% (Room 1 - Humidity sensor 1)
rooms/1/humidity_sensors/1/21.0
22.0% (Room 1 - Humidity sensor 1)
rooms/1/humidity_sensors/1/22.0
21.0% (Room 1 - Humidity sensor 1)
rooms/1/humidity_sensors/1/21.0
22.0% (Room 1 - Humidity sensor 1)
rooms/1/humidity_sensors/1/22.0
21.0% (Room 1 - Humidity sensor 1)
rooms/1/humidity_sensors/1/21.0
24.0% (Room 1 - Humidity sensor 1)
rooms/1/humidity_sensors/1/24.0
21.0% (Room 1 - Humidity sensor 1)
rooms/1/humidity_sensors/1/21.0
25.0% (Room 1 - Humidity sensor 1)
rooms/1/humidity_sensors/1/25.0
21.0% (Room 1 - Humidity sensor 1)
rooms/1/humidity_sensors/1/21.0
23.0% (Room 1 - Humidity sensor 1)
rooms/1/humidity_sensors/1/23.0
21.0% (Room 1 - Humidity sensor 1)
rooms/1/humidity_sensors/1/21.0
23.0% (Room 1 - Humidity sensor 1)
rooms/1/humidity_sensors/1/23.0
21.0% (Room 1 - Humidity sensor 1)
rooms/1/humidity_sensors/1/21.0
22.0% (Room 1 - Humidity sensor 1)
rooms/1/humidity_sensors/1/22.0
21.0% (Room 1 - Humidity sensor 1)
rooms/1/humidity_sensors/1/21.0
26.0% (Room 1 - Humidity sensor 1)
rooms/1/humidity_sensors/1/26.0
21.0% (Room 1 - Humidity sensor 1)
rooms/1/humidity_sensors/1/21.0
23.0% (Room 1 - Humidity sensor 1)
rooms/1/humidity_sensors/1/23.0
21.0% (Room 1 - Humidity sensor 1)
rooms/1/humidity_sensors/1/21.0
25.0% (Room 1 - Humidity sensor 1)
rooms/1/humidity_sensors/1/25.0
21.0% (Room 1 - Humidity sensor 1)
rooms/1/humidity_sensors/1/21.0
22.0% (Room 1 - Humidity sensor 1)
rooms/1/humidity_sensors/1/22.0
21.0% (Room 1 - Humidity sensor 1)
rooms/1/humidity_sensors/1/21.0
24.0% (Room 1 - Humidity sensor 1)
rooms/1/humidity_sensors/1/24.0
21.0% (Room 1 - Humidity sensor 1)
rooms/1/humidity_sensors/1/21.0
26.0% (Room 1 - Humidity sensor 1)
rooms/1/humidity_sensors/1/26.0
21.0% (Room 1 - Humidity sensor 1)
rooms/1/humidity_sensors/1/21.0
24.0% (Room 1 - Humidity sensor 1)
rooms/1/humidity_sensors/1/24.0
23.0% (Room 1 - Humidity sensor 1)
rooms/1/humidity_sensors/1/23.0
21.0% (Room 1 - Humidity sensor 1)
rooms/1/humidity_sensors/1/21.0
22.0% (Room 1 - Humidity sensor 1)
rooms/1/humidity_sensors/1/22.0
21.0% (Room 1 - Humidity sensor 1)
rooms/1/humidity_sensors/1/21.0
22.0% (Room 1 - Humidity sensor 1)
rooms/1/humidity_sensors/1/22.0
21.0% (Room 1 - Humidity sensor 1)
rooms/1/humidity_sensors/1/21.0
25.0% (Room 1 - Humidity sensor 1)
rooms/1/humidity_sensors/1/25.0
21.0% (Room 1 - Humidity sensor 1)
rooms/1/humidity_sensors/1/21.0
26.0% (Room 1 - Humidity sensor 1)
rooms/1/humidity_sensors/1/26.0
24.0*C (Room 1 - Temperature sensor 1)
rooms/1/temperature_sensors/1/24.0
23.0*C (Room 1 - Temperature sensor 1)
rooms/1/temperature_sensors/1/23.0
27.0% (Room 1 - Humidity sensor 1)
rooms/1/humidity_sensors/1/27.0
29.0% (Room 1 - Humidity sensor 1)
rooms/1/humidity_sensors/1/29.0
26.0% (Room 1 - Humidity sensor 1)
rooms/1/humidity_sensors/1/26.0
25.0% (Room 1 - Humidity sensor 1)
rooms/1/humidity_sensors/1/25.0
24.0% (Room 1 - Humidity sensor 1)
rooms/1/humidity_sensors/1/24.0
27.0% (Room 1 - Humidity sensor 1)
rooms/1/humidity_sensors/1/27.0
28.0% (Room 1 - Humidity sensor 1)
rooms/1/humidity_sensors/1/28.0
26.0% (Room 1 - Humidity sensor 1)
rooms/1/humidity_sensors/1/26.0
25.0% (Room 1 - Humidity sensor 1)
rooms/1/humidity_sensors/1/25.0
26.0% (Room 1 - Humidity sensor 1)
rooms/1/humidity_sensors/1/26.0
25.0% (Room 1 - Humidity sensor 1)
rooms/1/humidity_sensors/1/25.0
26.0% (Room 1 - Humidity sensor 1)
rooms/1/humidity_sensors/1/26.0
25.0% (Room 1 - Humidity sensor 1)
rooms/1/humidity_sensors/1/25.0
26.0% (Room 1 - Humidity sensor 1)
rooms/1/humidity_sensors/1/26.0
27.0% (Room 1 - Humidity sensor 1)
rooms/1/humidity_sensors/1/27.0
25.0% (Room 1 - Humidity sensor 1)
rooms/1/humidity_sensors/1/25.0
24.0*C (Room 1 - Temperature sensor 1)
rooms/1/temperature_sensors/1/24.0
26.0% (Room 1 - Humidity sensor 1)
rooms/1/humidity_sensors/1/26.0
23.0*C (Room 1 - Temperature sensor 1)
rooms/1/temperature_sensors/1/23.0
30.0% (Room 1 - Humidity sensor 1)
rooms/1/humidity_sensors/1/30.0
25.0% (Room 1 - Humidity sensor 1)
rooms/1/humidity_sensors/1/25.0
26.0% (Room 1 - Humidity sensor 1)
rooms/1/humidity_sensors/1/26.0
27.0% (Room 1 - Humidity sensor 1)
rooms/1/humidity_sensors/1/27.0
24.0% (Room 1 - Humidity sensor 1)
rooms/1/humidity_sensors/1/24.0
26.0% (Room 1 - Humidity sensor 1)
rooms/1/humidity_sensors/1/26.0
24.0% (Room 1 - Humidity sensor 1)
rooms/1/humidity_sensors/1/24.0
26.0% (Room 1 - Humidity sensor 1)
rooms/1/humidity_sensors/1/26.0
25.0% (Room 1 - Humidity sensor 1)
rooms/1/humidity_sensors/1/25.0
26.0% (Room 1 - Humidity sensor 1)
rooms/1/humidity_sensors/1/26.0
30.0% (Room 1 - Humidity sensor 1)
rooms/1/humidity_sensors/1/30.0
25.0% (Room 1 - Humidity sensor 1)
rooms/1/humidity_sensors/1/25.0
24.0*C (Room 1 - Temperature sensor 1)
rooms/1/temperature_sensors/1/24.0
26.0% (Room 1 - Humidity sensor 1)
rooms/1/humidity_sensors/1/26.0
23.0*C (Room 1 - Temperature sensor 1)
rooms/1/temperature_sensors/1/23.0
30.0% (Room 1 - Humidity sensor 1)
rooms/1/humidity_sensors/1/30.0
22.0*C (Room 1 - Temperature sensor 1)
rooms/1/temperature_sensors/1/22.0
22.0% (Room 1 - Humidity sensor 1)
rooms/1/humidity_sensors/1/22.0
23.0*C (Room 1 - Temperature sensor 1)
rooms/1/temperature_sensors/1/23.0
25.0% (Room 1 - Humidity sensor 1)
rooms/1/humidity_sensors/1/25.0
26.0% (Room 1 - Humidity sensor 1)
rooms/1/humidity_sensors/1/26.0
30.0% (Room 1 - Humidity sensor 1)
rooms/1/humidity_sensors/1/30.0
24.0% (Room 1 - Humidity sensor 1)
rooms/1/humidity_sensors/1/24.0
26.0% (Room 1 - Humidity sensor 1)
rooms/1/humidity_sensors/1/26.0
25.0% (Room 1 - Humidity sensor 1)
rooms/1/humidity_sensors/1/25.0
27.0% (Room 1 - Humidity sensor 1)
rooms/1/humidity_sensors/1/27.0
25.0% (Room 1 - Humidity sensor 1)
rooms/1/humidity_sensors/1/25.0
26.0% (Room 1 - Humidity sensor 1)
rooms/1/humidity_sensors/1/26.0
27.0% (Room 1 - Humidity sensor 1)
rooms/1/humidity_sensors/1/27.0
24.0*C (Room 1 - Temperature sensor 1)
rooms/1/temperature_sensors/1/24.0
25.0% (Room 1 - Humidity sensor 1)
rooms/1/humidity_sensors/1/25.0
23.0*C (Room 1 - Temperature sensor 1)
rooms/1/temperature_sensors/1/23.0
26.0% (Room 1 - Humidity sensor 1)
rooms/1/humidity_sensors/1/26.0
25.0% (Room 1 - Humidity sensor 1)
rooms/1/humidity_sensors/1/25.0
28.0% (Room 1 - Humidity sensor 1)
rooms/1/humidity_sensors/1/28.0
29.0% (Room 1 - Humidity sensor 1)
rooms/1/humidity_sensors/1/29.0
26.0% (Room 1 - Humidity sensor 1)
rooms/1/humidity_sensors/1/26.0
27.0% (Room 1 - Humidity sensor 1)
rooms/1/humidity_sensors/1/27.0
25.0% (Room 1 - Humidity sensor 1)
rooms/1/humidity_sensors/1/25.0
28.0% (Room 1 - Humidity sensor 1)
rooms/1/humidity_sensors/1/28.0
26.0% (Room 1 - Humidity sensor 1)
rooms/1/humidity_sensors/1/26.0
27.0% (Room 1 - Humidity sensor 1)
rooms/1/humidity_sensors/1/27.0
26.0% (Room 1 - Humidity sensor 1)
rooms/1/humidity_sensors/1/26.0
25.0% (Room 1 - Humidity sensor 1)
rooms/1/humidity_sensors/1/25.0
30.0% (Room 1 - Humidity sensor 1)
rooms/1/humidity_sensors/1/30.0
26.0% (Room 1 - Humidity sensor 1)
rooms/1/humidity_sensors/1/26.0
25.0% (Room 1 - Humidity sensor 1)
rooms/1/humidity_sensors/1/25.0
27.0% (Room 1 - Humidity sensor 1)
rooms/1/humidity_sensors/1/27.0
25.0% (Room 1 - Humidity sensor 1)
rooms/1/humidity_sensors/1/25.0
28.0% (Room 1 - Humidity sensor 1)
rooms/1/humidity_sensors/1/28.0
26.0% (Room 1 - Humidity sensor 1)
rooms/1/humidity_sensors/1/26.0
25.0% (Room 1 - Humidity sensor 1)
rooms/1/humidity_sensors/1/25.0
24.0% (Room 1 - Humidity sensor 1)
rooms/1/humidity_sensors/1/24.0
26.0% (Room 1 - Humidity sensor 1)
rooms/1/humidity_sensors/1/26.0
27.0% (Room 1 - Humidity sensor 1)
rooms/1/humidity_sensors/1/27.0
24.0% (Room 1 - Humidity sensor 1)
rooms/1/humidity_sensors/1/24.0
22.0*C (Room 1 - Temperature sensor 1)
rooms/1/temperature_sensors/1/22.0
22.0% (Room 1 - Humidity sensor 1)
rooms/1/humidity_sensors/1/22.0
23.0*C (Room 1 - Temperature sensor 1)
rooms/1/temperature_sensors/1/23.0
29.0% (Room 1 - Humidity sensor 1)
rooms/1/humidity_sensors/1/29.0
25.0% (Room 1 - Humidity sensor 1)
rooms/1/humidity_sensors/1/25.0
24.0% (Room 1 - Humidity sensor 1)
rooms/1/humidity_sensors/1/24.0
26.0% (Room 1 - Humidity sensor 1)
rooms/1/humidity_sensors/1/26.0
25.0% (Room 1 - Humidity sensor 1)
rooms/1/humidity_sensors/1/25.0
29.0% (Room 1 - Humidity sensor 1)
rooms/1/humidity_sensors/1/29.0
26.0% (Room 1 - Humidity sensor 1)
rooms/1/humidity_sensors/1/26.0
25.0% (Room 1 - Humidity sensor 1)
rooms/1/humidity_sensors/1/25.0
24.0% (Room 1 - Humidity sensor 1)
rooms/1/humidity_sensors/1/24.0
27.0% (Room 1 - Humidity sensor 1)
rooms/1/humidity_sensors/1/27.0
25.0% (Room 1 - Humidity sensor 1)
rooms/1/humidity_sensors/1/25.0
28.0% (Room 1 - Humidity sensor 1)
rooms/1/humidity_sensors/1/28.0
24.0% (Room 1 - Humidity sensor 1)
rooms/1/humidity_sensors/1/24.0
25.0% (Room 1 - Humidity sensor 1)
rooms/1/humidity_sensors/1/25.0
26.0% (Room 1 - Humidity sensor 1)
rooms/1/humidity_sensors/1/26.0
24.0% (Room 1 - Humidity sensor 1)
rooms/1/humidity_sensors/1/24.0
27.0% (Room 1 - Humidity sensor 1)
rooms/1/humidity_sensors/1/27.0
26.0% (Room 1 - Humidity sensor 1)
rooms/1/humidity_sensors/1/26.0
25.0% (Room 1 - Humidity sensor 1)
rooms/1/humidity_sensors/1/25.0
26.0% (Room 1 - Humidity sensor 1)
rooms/1/humidity_sensors/1/26.0
27.0% (Room 1 - Humidity sensor 1)
rooms/1/humidity_sensors/1/27.0
26.0% (Room 1 - Humidity sensor 1)
rooms/1/humidity_sensors/1/26.0
25.0% (Room 1 - Humidity sensor 1)
rooms/1/humidity_sensors/1/25.0
26.0% (Room 1 - Humidity sensor 1)
rooms/1/humidity_sensors/1/26.0
29.0% (Room 1 - Humidity sensor 1)
rooms/1/humidity_sensors/1/29.0
24.0% (Room 1 - Humidity sensor 1)
rooms/1/humidity_sensors/1/24.0
26.0% (Room 1 - Humidity sensor 1)
rooms/1/humidity_sensors/1/26.0
24.0% (Room 1 - Humidity sensor 1)
rooms/1/humidity_sensors/1/24.0
26.0% (Room 1 - Humidity sensor 1)
rooms/1/humidity_sensors/1/26.0
28.0% (Room 1 - Humidity sensor 1)
rooms/1/humidity_sensors/1/28.0
26.0% (Room 1 - Humidity sensor 1)
rooms/1/humidity_sensors/1/26.0
24.0% (Room 1 - Humidity sensor 1)
rooms/1/humidity_sensors/1/24.0
26.0% (Room 1 - Humidity sensor 1)
rooms/1/humidity_sensors/1/26.0
27.0% (Room 1 - Humidity sensor 1)
rooms/1/humidity_sensors/1/27.0
26.0% (Room 1 - Humidity sensor 1)
rooms/1/humidity_sensors/1/26.0
24.0*C (Room 1 - Temperature sensor 1)
rooms/1/temperature_sensors/1/24.0
25.0% (Room 1 - Humidity sensor 1)
rooms/1/humidity_sensors/1/25.0
23.0*C (Room 1 - Temperature sensor 1)
rooms/1/temperature_sensors/1/23.0
26.0% (Room 1 - Humidity sensor 1)
rooms/1/humidity_sensors/1/26.0
23.0% (Room 1 - Humidity sensor 1)
rooms/1/humidity_sensors/1/23.0
26.0% (Room 1 - Humidity sensor 1)
rooms/1/humidity_sensors/1/26.0
24.0% (Room 1 - Humidity sensor 1)
rooms/1/humidity_sensors/1/24.0
26.0% (Room 1 - Humidity sensor 1)
rooms/1/humidity_sensors/1/26.0
25.0% (Room 1 - Humidity sensor 1)
rooms/1/humidity_sensors/1/25.0
26.0% (Room 1 - Humidity sensor 1)
rooms/1/humidity_sensors/1/26.0
27.0% (Room 1 - Humidity sensor 1)
rooms/1/humidity_sensors/1/27.0
24.0*C (Room 1 - Temperature sensor 1)
rooms/1/temperature_sensors/1/24.0
25.0% (Room 1 - Humidity sen